<?xml version="1.0" encoding="UTF-8"?>
<!-- Generated by org.testng.reporters.JUnitReportReporter -->
<testsuite hostname="Dua-Laptop" failures="0" tests="3" name="LumaTests.LumaTest" time="38.984" errors="0" timestamp="2024-05-08T12:53:14 IST" skipped="0">
  <testcase classname="LumaTests.LumaTest" name="launchBrowser" time="15.957"/>
  <testcase classname="LumaTests.LumaTest" name="createAccount" time="7.013"/>
  <testcase classname="LumaTests.LumaTest" name="signIn" time="16.014"/>
</testsuite> <!-- LumaTests.LumaTest -->
